<?xml version="1.0" encoding="UTF-8"?>
<!-- Generated by org.testng.reporters.JUnitReportReporter -->
<testsuite hostname="Raj" failures="0" tests="1" name="com.tests.RegisterPageTest" time="6.652" errors="0" timestamp="2024-09-06T17:21:37 IST" skipped="0">
  <testcase classname="com.tests.RegisterPageTest" name="firstProgram" time="6.652"/>
</testsuite> <!-- com.tests.RegisterPageTest -->
