<?xml version="1.0" encoding="UTF-8"?>
<!-- Generated by org.testng.reporters.JUnitReportReporter -->
<testsuite hostname="Raj" failures="0" tests="1" name="com.tests.RegisterPageTest" time="5.749" errors="0" timestamp="2024-09-06T16:18:43 IST" skipped="0">
  <testcase classname="com.tests.RegisterPageTest" name="firstProgram" time="5.749"/>
</testsuite> <!-- com.tests.RegisterPageTest -->
