<?xml version="1.0" encoding="UTF-8"?>
<!-- Generated by org.testng.reporters.JUnitReportReporter -->
<testsuite hostname="Raj" failures="0" tests="1" name="com.tests.LoginPageTest" time="5.597" errors="0" timestamp="2024-09-06T16:18:43 IST" skipped="0">
  <testcase classname="com.tests.LoginPageTest" name="firstProgram" time="5.597"/>
</testsuite> <!-- com.tests.LoginPageTest -->
